# JRE version: Java(TM) SE Runtime Environment (21.0.9+7) (build 21.0.9+7-LTS-338)
# Java VM: Java HotSpot(TM) 64-Bit Server VM (21.0.9+7-LTS-338, mixed mode, sharing, tiered, compressed oops, compressed class ptrs, g1 gc, windows-amd64)
GC Precious Log:
 CardTable entry size: 512
 Card Set container configuration: InlinePtr #cards 4 size 8 Array Of Cards #cards 16 size 48 Howl #buckets 8 coarsen threshold 3686 Howl Bitmap #cards 512 size 80 coarsen threshold 460 Card regions per heap region 1 cards per card region 4096
 CPUs: 8 total, 8 available
 Memory: 16167M
 Large Page Support: Disabled
 NUMA Support: Disabled
 Compressed Oops: Enabled (Zero based)
 Heap Region Size: 2M
 Heap Min Capacity: 8M
 Heap Initial Capacity: 254M
 Heap Max Capacity: 4042M
 Pre-touch: Disabled
 Parallel Workers: 8
 Concurrent Workers: 2
 Concurrent Refinement Workers: 8
 Periodic GC: Disabled
Heap:
 garbage-first heap   total 96256K, used 67658K [0x0000000703600000, 0x0000000800000000)
  region size 2048K, 23 young (47104K), 4 survivors (8192K)
 Metaspace       used 83775K, committed 84544K, reserved 1179648K
  class space    used 11299K, committed 11648K, reserved 1048576K
GC Heap History (20 events):
Event: 2.500 GC heap before
{Heap before GC invocations=4 (full 0):
 garbage-first heap   total 55296K, used 40612K [0x0000000703600000, 0x0000000800000000)
  region size 2048K, 16 young (32768K), 3 survivors (6144K)
 Metaspace       used 24745K, committed 25088K, reserved 1114112K
  class space    used 3116K, committed 3264K, reserved 1048576K
}
Event: 2.509 GC heap after
{Heap after GC invocations=5 (full 0):
 garbage-first heap   total 55296K, used 16360K [0x0000000703600000, 0x0000000800000000)
  region size 2048K, 2 young (4096K), 2 survivors (4096K)
 Metaspace       used 24745K, committed 25088K, reserved 1114112K
  class space    used 3116K, committed 3264K, reserved 1048576K
}
Event: 3.448 GC heap before
{Heap before GC invocations=5 (full 0):
 garbage-first heap   total 55296K, used 38888K [0x0000000703600000, 0x0000000800000000)
  region size 2048K, 13 young (26624K), 2 survivors (4096K)
 Metaspace       used 28660K, committed 29120K, reserved 1114112K
  class space    used 3648K, committed 3840K, reserved 1048576K
}
Event: 3.459 GC heap after
{Heap after GC invocations=6 (full 0):
 garbage-first heap   total 55296K, used 17820K [0x0000000703600000, 0x0000000800000000)
  region size 2048K, 2 young (4096K), 2 survivors (4096K)
 Metaspace       used 28660K, committed 29120K, reserved 1114112K
  class space    used 3648K, committed 3840K, reserved 1048576K
}
Event: 4.431 GC heap before
{Heap before GC invocations=6 (full 0):
 garbage-first heap   total 55296K, used 40348K [0x0000000703600000, 0x0000000800000000)
  region size 2048K, 13 young (26624K), 2 survivors (4096K)
 Metaspace       used 33081K, committed 33664K, reserved 1114112K
  class space    used 4218K, committed 4480K, reserved 1048576K
}
Event: 4.447 GC heap after
{Heap after GC invocations=7 (full 0):
 garbage-first heap   total 55296K, used 19653K [0x0000000703600000, 0x0000000800000000)
  region size 2048K, 2 young (4096K), 2 survivors (4096K)
 Metaspace       used 33081K, committed 33664K, reserved 1114112K
  class space    used 4218K, committed 4480K, reserved 1048576K
}
Event: 5.076 GC heap before
{Heap before GC invocations=7 (full 0):
 garbage-first heap   total 55296K, used 36037K [0x0000000703600000, 0x0000000800000000)
  region size 2048K, 11 young (22528K), 2 survivors (4096K)
 Metaspace       used 35661K, committed 36160K, reserved 1114112K
  class space    used 4586K, committed 4800K, reserved 1048576K
}
Event: 5.089 GC heap after
{Heap after GC invocations=8 (full 0):
 garbage-first heap   total 55296K, used 20627K [0x0000000703600000, 0x0000000800000000)
  region size 2048K, 2 young (4096K), 2 survivors (4096K)
 Metaspace       used 35661K, committed 36160K, reserved 1114112K
  class space    used 4586K, committed 4800K, reserved 1048576K
}
Event: 6.193 GC heap before
{Heap before GC invocations=9 (full 0):
 garbage-first heap   total 55296K, used 43155K [0x0000000703600000, 0x0000000800000000)
  region size 2048K, 13 young (26624K), 2 survivors (4096K)
 Metaspace       used 41765K, committed 42432K, reserved 1114112K
  class space    used 5352K, committed 5632K, reserved 1048576K
}
Event: 6.203 GC heap after
{Heap after GC invocations=10 (full 0):
 garbage-first heap   total 55296K, used 22528K [0x0000000703600000, 0x0000000800000000)
  region size 2048K, 2 young (4096K), 2 survivors (4096K)
 Metaspace       used 41765K, committed 42432K, reserved 1114112K
  class space    used 5352K, committed 5632K, reserved 1048576K
}
Event: 6.890 GC heap before
{Heap before GC invocations=10 (full 0):
 garbage-first heap   total 55296K, used 45056K [0x0000000703600000, 0x0000000800000000)
  region size 2048K, 13 young (26624K), 2 survivors (4096K)
 Metaspace       used 46896K, committed 47552K, reserved 1114112K
  class space    used 6194K, committed 6464K, reserved 1048576K
}
Event: 6.898 GC heap after
{Heap after GC invocations=11 (full 0):
 garbage-first heap   total 55296K, used 23579K [0x0000000703600000, 0x0000000800000000)
  region size 2048K, 2 young (4096K), 2 survivors (4096K)
 Metaspace       used 46896K, committed 47552K, reserved 1114112K
  class space    used 6194K, committed 6464K, reserved 1048576K
}
Event: 7.330 GC heap before
{Heap before GC invocations=11 (full 0):
 garbage-first heap   total 55296K, used 44059K [0x0000000703600000, 0x0000000800000000)
  region size 2048K, 12 young (24576K), 2 survivors (4096K)
 Metaspace       used 51661K, committed 52288K, reserved 1114112K
  class space    used 6806K, committed 7104K, reserved 1048576K
}
Event: 7.336 GC heap after
{Heap after GC invocations=12 (full 0):
 garbage-first heap   total 157696K, used 24559K [0x0000000703600000, 0x0000000800000000)
  region size 2048K, 1 young (2048K), 1 survivors (2048K)
 Metaspace       used 51661K, committed 52288K, reserved 1114112K
  class space    used 6806K, committed 7104K, reserved 1048576K
}
Event: 7.933 GC heap before
{Heap before GC invocations=12 (full 0):
 garbage-first heap   total 157696K, used 53231K [0x0000000703600000, 0x0000000800000000)
  region size 2048K, 17 young (34816K), 1 survivors (2048K)
 Metaspace       used 59974K, committed 60608K, reserved 1114112K
  class space    used 8123K, committed 8384K, reserved 1048576K
}
Event: 7.938 GC heap after
{Heap after GC invocations=13 (full 0):
 garbage-first heap   total 157696K, used 25663K [0x0000000703600000, 0x0000000800000000)
  region size 2048K, 2 young (4096K), 2 survivors (4096K)
 Metaspace       used 59974K, committed 60608K, reserved 1114112K
  class space    used 8123K, committed 8384K, reserved 1048576K
}
Event: 9.100 GC heap before
{Heap before GC invocations=14 (full 0):
 garbage-first heap   total 96256K, used 78911K [0x0000000703600000, 0x0000000800000000)
  region size 2048K, 28 young (57344K), 2 survivors (4096K)
 Metaspace       used 68476K, committed 69184K, reserved 1114112K
  class space    used 9342K, committed 9664K, reserved 1048576K
}
Event: 9.107 GC heap after
{Heap after GC invocations=15 (full 0):
 garbage-first heap   total 96256K, used 29416K [0x0000000703600000, 0x0000000800000000)
  region size 2048K, 4 young (8192K), 4 survivors (8192K)
 Metaspace       used 68476K, committed 69184K, reserved 1114112K
  class space    used 9342K, committed 9664K, reserved 1048576K
}
Event: 17.193 GC heap before
{Heap before GC invocations=15 (full 0):
 garbage-first heap   total 96256K, used 76520K [0x0000000703600000, 0x0000000800000000)
  region size 2048K, 28 young (57344K), 4 survivors (8192K)
 Metaspace       used 74861K, committed 75712K, reserved 1179648K
  class space    used 10219K, committed 10624K, reserved 1048576K
}
Event: 17.204 GC heap after
{Heap after GC invocations=16 (full 0):
 garbage-first heap   total 96256K, used 32842K [0x0000000703600000, 0x0000000800000000)
  region size 2048K, 4 young (8192K), 4 survivors (8192K)
 Metaspace       used 74861K, committed 75712K, reserved 1179648K
  class space    used 10219K, committed 10624K, reserved 1048576K
}

